2025-06-26 06:05:07 - INFO 23348 [][background-preinit] INFO  o.h.validator.internal.util.Version - HV000001: Hibernate Validator 8.0.1.Final
2025-06-26 06:05:07 - INFO 23348 [][main] INFO  c.m.b.p.i.JPAApplicationContextInitializer - Enable JPA DataAspect function, and dynamically add JPA STATEMENT_INSPECTOR
2025-06-26 06:05:07 - INFO 23348 [][main] INFO  c.m.beaveriot.StandardApplication - Starting StandardApplication using Java 17.0.15 with PID 23348 (C:\sensora\beaver-iot-sensora\application\application-standard\target\classes started by alvir in C:\sensora\beaver-iot-sensora\application\application-standard)
2025-06-26 06:05:07 - INFO 23348 [][main] INFO  c.m.beaveriot.StandardApplication - No active profile set, falling back to 1 default profile: "default"
2025-06-26 06:05:16 - INFO 23348 [][main] INFO  o.s.d.r.c.RepositoryConfigurationDelegate - Multiple Spring Data modules found, entering strict repository configuration mode
2025-06-26 06:05:16 - INFO 23348 [][main] INFO  o.s.d.r.c.RepositoryConfigurationDelegate - Bootstrapping Spring Data JPA repositories in DEFAULT mode.
2025-06-26 06:05:24 - INFO 23348 [][main] INFO  o.s.d.r.c.RepositoryConfigurationDelegate - Finished Spring Data repository scanning in 7275 ms. Found 29 JPA repository interfaces.
2025-06-26 06:05:25 - INFO 23348 [][main] INFO  o.s.c.annotation.AutoProxyRegistrar - AutoProxyRegistrar was imported but no annotations were found having both 'mode' and 'proxyTargetClass' attributes of type AdviceMode and boolean respectively. This means that auto proxy creator registration and configuration may not have occurred as intended, and components may not be proxied as expected. Check to ensure that AutoProxyRegistrar has been @Import'ed on the same class where these annotations are declared; otherwise remove the import of AutoProxyRegistrar altogether.
2025-06-26 06:05:28 - INFO 23348 [][main] INFO  o.s.d.r.c.RepositoryConfigurationDelegate - Multiple Spring Data modules found, entering strict repository configuration mode
2025-06-26 06:05:28 - INFO 23348 [][main] INFO  o.s.d.r.c.RepositoryConfigurationDelegate - Bootstrapping Spring Data JDBC repositories in DEFAULT mode.
2025-06-26 06:05:29 - INFO 23348 [][main] INFO  o.s.d.r.c.RepositoryConfigurationExtensionSupport - Spring Data JDBC - Could not safely identify store assignment for repository candidate interface com.milesight.beaveriot.device.repository.DeviceRepository; If you want this repository to be a JDBC repository, consider annotating your entities with one of these annotations: org.springframework.data.relational.core.mapping.Table.
2025-06-26 06:05:29 - INFO 23348 [][main] INFO  o.s.d.r.c.RepositoryConfigurationExtensionSupport - Spring Data JDBC - Could not safely identify store assignment for repository candidate interface com.milesight.beaveriot.devicetemplate.repository.DeviceTemplateRepository; If you want this repository to be a JDBC repository, consider annotating your entities with one of these annotations: org.springframework.data.relational.core.mapping.Table.
2025-06-26 06:05:29 - INFO 23348 [][main] INFO  o.s.d.r.c.RepositoryConfigurationExtensionSupport - Spring Data JDBC - Could not safely identify store assignment for repository candidate interface com.milesight.beaveriot.dashboard.repository.DashboardEntityRepository; If you want this repository to be a JDBC repository, consider annotating your entities with one of these annotations: org.springframework.data.relational.core.mapping.Table.
2025-06-26 06:05:29 - INFO 23348 [][main] INFO  o.s.d.r.c.RepositoryConfigurationExtensionSupport - Spring Data JDBC - Could not safely identify store assignment for repository candidate interface com.milesight.beaveriot.dashboard.repository.DashboardHomeRepository; If you want this repository to be a JDBC repository, consider annotating your entities with one of these annotations: org.springframework.data.relational.core.mapping.Table.
2025-06-26 06:05:29 - INFO 23348 [][main] INFO  o.s.d.r.c.RepositoryConfigurationExtensionSupport - Spring Data JDBC - Could not safely identify store assignment for repository candidate interface com.milesight.beaveriot.dashboard.repository.DashboardRepository; If you want this repository to be a JDBC repository, consider annotating your entities with one of these annotations: org.springframework.data.relational.core.mapping.Table.
2025-06-26 06:05:29 - INFO 23348 [][main] INFO  o.s.d.r.c.RepositoryConfigurationExtensionSupport - Spring Data JDBC - Could not safely identify store assignment for repository candidate interface com.milesight.beaveriot.dashboard.repository.DashboardWidgetRepository; If you want this repository to be a JDBC repository, consider annotating your entities with one of these annotations: org.springframework.data.relational.core.mapping.Table.
2025-06-26 06:05:29 - INFO 23348 [][main] INFO  o.s.d.r.c.RepositoryConfigurationExtensionSupport - Spring Data JDBC - Could not safely identify store assignment for repository candidate interface com.milesight.beaveriot.dashboard.repository.DashboardWidgetTemplateRepository; If you want this repository to be a JDBC repository, consider annotating your entities with one of these annotations: org.springframework.data.relational.core.mapping.Table.
2025-06-26 06:05:29 - INFO 23348 [][main] INFO  o.s.d.r.c.RepositoryConfigurationExtensionSupport - Spring Data JDBC - Could not safely identify store assignment for repository candidate interface com.milesight.beaveriot.user.repository.MenuRepository; If you want this repository to be a JDBC repository, consider annotating your entities with one of these annotations: org.springframework.data.relational.core.mapping.Table.
2025-06-26 06:05:29 - INFO 23348 [][main] INFO  o.s.d.r.c.RepositoryConfigurationExtensionSupport - Spring Data JDBC - Could not safely identify store assignment for repository candidate interface com.milesight.beaveriot.user.repository.RoleMenuRepository; If you want this repository to be a JDBC repository, consider annotating your entities with one of these annotations: org.springframework.data.relational.core.mapping.Table.
2025-06-26 06:05:29 - INFO 23348 [][main] INFO  o.s.d.r.c.RepositoryConfigurationExtensionSupport - Spring Data JDBC - Could not safely identify store assignment for repository candidate interface com.milesight.beaveriot.user.repository.RoleRepository; If you want this repository to be a JDBC repository, consider annotating your entities with one of these annotations: org.springframework.data.relational.core.mapping.Table.
2025-06-26 06:05:29 - INFO 23348 [][main] INFO  o.s.d.r.c.RepositoryConfigurationExtensionSupport - Spring Data JDBC - Could not safely identify store assignment for repository candidate interface com.milesight.beaveriot.user.repository.RoleResourceRepository; If you want this repository to be a JDBC repository, consider annotating your entities with one of these annotations: org.springframework.data.relational.core.mapping.Table.
2025-06-26 06:05:29 - INFO 23348 [][main] INFO  o.s.d.r.c.RepositoryConfigurationExtensionSupport - Spring Data JDBC - Could not safely identify store assignment for repository candidate interface com.milesight.beaveriot.user.repository.TenantRepository; If you want this repository to be a JDBC repository, consider annotating your entities with one of these annotations: org.springframework.data.relational.core.mapping.Table.
2025-06-26 06:05:29 - INFO 23348 [][main] INFO  o.s.d.r.c.RepositoryConfigurationExtensionSupport - Spring Data JDBC - Could not safely identify store assignment for repository candidate interface com.milesight.beaveriot.user.repository.UserRepository; If you want this repository to be a JDBC repository, consider annotating your entities with one of these annotations: org.springframework.data.relational.core.mapping.Table.
2025-06-26 06:05:29 - INFO 23348 [][main] INFO  o.s.d.r.c.RepositoryConfigurationExtensionSupport - Spring Data JDBC - Could not safely identify store assignment for repository candidate interface com.milesight.beaveriot.user.repository.UserRoleRepository; If you want this repository to be a JDBC repository, consider annotating your entities with one of these annotations: org.springframework.data.relational.core.mapping.Table.
2025-06-26 06:05:29 - INFO 23348 [][main] INFO  o.s.d.r.c.RepositoryConfigurationExtensionSupport - Spring Data JDBC - Could not safely identify store assignment for repository candidate interface com.milesight.beaveriot.entity.repository.EntityHistoryRepository; If you want this repository to be a JDBC repository, consider annotating your entities with one of these annotations: org.springframework.data.relational.core.mapping.Table.
2025-06-26 06:05:29 - INFO 23348 [][main] INFO  o.s.d.r.c.RepositoryConfigurationExtensionSupport - Spring Data JDBC - Could not safely identify store assignment for repository candidate interface com.milesight.beaveriot.entity.repository.EntityLatestRepository; If you want this repository to be a JDBC repository, consider annotating your entities with one of these annotations: org.springframework.data.relational.core.mapping.Table.
2025-06-26 06:05:29 - INFO 23348 [][main] INFO  o.s.d.r.c.RepositoryConfigurationExtensionSupport - Spring Data JDBC - Could not safely identify store assignment for repository candidate interface com.milesight.beaveriot.entity.repository.EntityRepository; If you want this repository to be a JDBC repository, consider annotating your entities with one of these annotations: org.springframework.data.relational.core.mapping.Table.
2025-06-26 06:05:29 - INFO 23348 [][main] INFO  o.s.d.r.c.RepositoryConfigurationExtensionSupport - Spring Data JDBC - Could not safely identify store assignment for repository candidate interface com.milesight.beaveriot.credentials.repository.CredentialsRepository; If you want this repository to be a JDBC repository, consider annotating your entities with one of these annotations: org.springframework.data.relational.core.mapping.Table.
2025-06-26 06:05:29 - INFO 23348 [][main] INFO  o.s.d.r.c.RepositoryConfigurationExtensionSupport - Spring Data JDBC - Could not safely identify store assignment for repository candidate interface com.milesight.beaveriot.rule.manager.repository.WorkflowEntityRelationRepository; If you want this repository to be a JDBC repository, consider annotating your entities with one of these annotations: org.springframework.data.relational.core.mapping.Table.
2025-06-26 06:05:29 - INFO 23348 [][main] INFO  o.s.d.r.c.RepositoryConfigurationExtensionSupport - Spring Data JDBC - Could not safely identify store assignment for repository candidate interface com.milesight.beaveriot.rule.manager.repository.WorkflowHistoryRepository; If you want this repository to be a JDBC repository, consider annotating your entities with one of these annotations: org.springframework.data.relational.core.mapping.Table.
2025-06-26 06:05:29 - INFO 23348 [][main] INFO  o.s.d.r.c.RepositoryConfigurationExtensionSupport - Spring Data JDBC - Could not safely identify store assignment for repository candidate interface com.milesight.beaveriot.rule.manager.repository.WorkflowLogDataRepository; If you want this repository to be a JDBC repository, consider annotating your entities with one of these annotations: org.springframework.data.relational.core.mapping.Table.
2025-06-26 06:05:29 - INFO 23348 [][main] INFO  o.s.d.r.c.RepositoryConfigurationExtensionSupport - Spring Data JDBC - Could not safely identify store assignment for repository candidate interface com.milesight.beaveriot.rule.manager.repository.WorkflowLogRepository; If you want this repository to be a JDBC repository, consider annotating your entities with one of these annotations: org.springframework.data.relational.core.mapping.Table.
2025-06-26 06:05:29 - INFO 23348 [][main] INFO  o.s.d.r.c.RepositoryConfigurationExtensionSupport - Spring Data JDBC - Could not safely identify store assignment for repository candidate interface com.milesight.beaveriot.rule.manager.repository.WorkflowRepository; If you want this repository to be a JDBC repository, consider annotating your entities with one of these annotations: org.springframework.data.relational.core.mapping.Table.
2025-06-26 06:05:29 - INFO 23348 [][main] INFO  o.s.d.r.c.RepositoryConfigurationExtensionSupport - Spring Data JDBC - Could not safely identify store assignment for repository candidate interface com.milesight.beaveriot.resource.manager.repository.ResourceRefRepository; If you want this repository to be a JDBC repository, consider annotating your entities with one of these annotations: org.springframework.data.relational.core.mapping.Table.
2025-06-26 06:05:29 - INFO 23348 [][main] INFO  o.s.d.r.c.RepositoryConfigurationExtensionSupport - Spring Data JDBC - Could not safely identify store assignment for repository candidate interface com.milesight.beaveriot.resource.manager.repository.ResourceRepository; If you want this repository to be a JDBC repository, consider annotating your entities with one of these annotations: org.springframework.data.relational.core.mapping.Table.
2025-06-26 06:05:29 - INFO 23348 [][main] INFO  o.s.d.r.c.RepositoryConfigurationExtensionSupport - Spring Data JDBC - Could not safely identify store assignment for repository candidate interface com.milesight.beaveriot.resource.manager.repository.ResourceTempRepository; If you want this repository to be a JDBC repository, consider annotating your entities with one of these annotations: org.springframework.data.relational.core.mapping.Table.
2025-06-26 06:05:29 - INFO 23348 [][main] INFO  o.s.d.r.c.RepositoryConfigurationExtensionSupport - Spring Data JDBC - Could not safely identify store assignment for repository candidate interface com.milesight.beaveriot.resource.adapter.db.service.repository.DbResourceDataRepository; If you want this repository to be a JDBC repository, consider annotating your entities with one of these annotations: org.springframework.data.relational.core.mapping.Table.
2025-06-26 06:05:29 - INFO 23348 [][main] INFO  o.s.d.r.c.RepositoryConfigurationExtensionSupport - Spring Data JDBC - Could not safely identify store assignment for repository candidate interface com.milesight.beaveriot.scheduler.core.ScheduledTaskRepository; If you want this repository to be a JDBC repository, consider annotating your entities with one of these annotations: org.springframework.data.relational.core.mapping.Table.
2025-06-26 06:05:29 - INFO 23348 [][main] INFO  o.s.d.r.c.RepositoryConfigurationExtensionSupport - Spring Data JDBC - Could not safely identify store assignment for repository candidate interface com.milesight.beaveriot.scheduler.core.ScheduleSettingsRepository; If you want this repository to be a JDBC repository, consider annotating your entities with one of these annotations: org.springframework.data.relational.core.mapping.Table.
2025-06-26 06:05:29 - INFO 23348 [][main] INFO  o.s.d.r.c.RepositoryConfigurationDelegate - Finished Spring Data repository scanning in 767 ms. Found 0 JDBC repository interfaces.
2025-06-26 06:05:31 - INFO 23348 [][main] INFO  o.s.c.a.ConfigurationClassEnhancer - @Bean method GenericContextAutoConfiguration.springContext is non-static and returns an object assignable to Spring's BeanFactoryPostProcessor interface. This will result in a failure to process annotations such as @Autowired, @Resource and @PostConstruct within the method's declaring @Configuration class. Add the 'static' modifier to this method to avoid these container lifecycle issues; see @Bean javadoc for complete details.
2025-06-26 06:05:31 - INFO 23348 [][main] INFO  o.s.c.a.ConfigurationClassEnhancer - @Bean method RuleEngineAutoConfiguration.componentDefinitionCache is non-static and returns an object assignable to Spring's BeanFactoryPostProcessor interface. This will result in a failure to process annotations such as @Autowired, @Resource and @PostConstruct within the method's declaring @Configuration class. Add the 'static' modifier to this method to avoid these container lifecycle issues; see @Bean javadoc for complete details.
2025-06-26 06:05:36 - WARN 23348 [][main] WARN  io.undertow.websockets.jsr - UT026010: Buffer pool was not set on WebSocketDeploymentInfo, the default pool will be used
2025-06-26 06:05:36 - INFO 23348 [][main] INFO  io.undertow.servlet - Initializing Spring embedded WebApplicationContext
2025-06-26 06:05:36 - INFO 23348 [][main] INFO  o.s.b.w.s.c.ServletWebServerApplicationContext - Root WebApplicationContext: initialization completed in 27879 ms
2025-06-26 06:05:37 - INFO 23348 [][main] INFO  com.zaxxer.hikari.HikariDataSource - HikariPool-1 - Starting...
2025-06-26 06:05:39 - INFO 23348 [][main] INFO  com.zaxxer.hikari.pool.HikariPool - HikariPool-1 - Added connection conn1: url=jdbc:h2:file:~/beaver-iot/h2/beaver user=SA
2025-06-26 06:05:39 - INFO 23348 [][main] INFO  com.zaxxer.hikari.HikariDataSource - HikariPool-1 - Start completed.
2025-06-26 06:05:40 - INFO 23348 [][main] INFO  liquibase.database - Set default schema name to PUBLIC
2025-06-26 06:05:45 - INFO 23348 [][main] INFO  liquibase.changelog - Reading resource: db/h2/sql/v1.0.0/authentication.sql
2025-06-26 06:05:45 - INFO 23348 [][main] INFO  liquibase.changelog - Reading resource: db/h2/sql/v1.0.0/dashboard.sql
2025-06-26 06:05:45 - INFO 23348 [][main] INFO  liquibase.changelog - Reading resource: db/h2/sql/v1.0.0/device.sql
2025-06-26 06:05:45 - INFO 23348 [][main] INFO  liquibase.changelog - Reading resource: db/h2/sql/v1.0.0/entity.sql
2025-06-26 06:05:45 - INFO 23348 [][main] INFO  liquibase.changelog - Reading resource: db/h2/sql/v1.0.0/schema.sql
2025-06-26 06:05:45 - INFO 23348 [][main] INFO  liquibase.changelog - Reading resource: db/h2/sql/v1.0.0/user.sql
2025-06-26 06:05:47 - INFO 23348 [][main] INFO  liquibase.changelog - Reading resource: db/h2/sql/v1.1.0/dashboard.sql
2025-06-26 06:05:47 - INFO 23348 [][main] INFO  liquibase.changelog - Reading resource: db/h2/sql/v1.1.0/device.sql
2025-06-26 06:05:47 - INFO 23348 [][main] INFO  liquibase.changelog - Reading resource: db/h2/sql/v1.1.0/entity.sql
2025-06-26 06:05:47 - INFO 23348 [][main] INFO  liquibase.changelog - Reading resource: db/h2/sql/v1.1.0/user.sql
2025-06-26 06:05:47 - INFO 23348 [][main] INFO  liquibase.changelog - Reading resource: db/h2/sql/v1.1.0/workflow.sql
2025-06-26 06:05:50 - INFO 23348 [][main] INFO  liquibase.changelog - Reading resource: db/h2/sql/v1.2.0/credentials.sql
2025-06-26 06:05:50 - INFO 23348 [][main] INFO  liquibase.changelog - Reading resource: db/h2/sql/v1.2.0/dashboard.sql
2025-06-26 06:05:50 - INFO 23348 [][main] INFO  liquibase.changelog - Reading resource: db/h2/sql/v1.2.0/device.sql
2025-06-26 06:05:50 - INFO 23348 [][main] INFO  liquibase.changelog - Reading resource: db/h2/sql/v1.2.0/device_template.sql
2025-06-26 06:05:50 - INFO 23348 [][main] INFO  liquibase.changelog - Reading resource: db/h2/sql/v1.2.0/entity.sql
2025-06-26 06:05:50 - INFO 23348 [][main] INFO  liquibase.changelog - Reading resource: db/h2/sql/v1.2.0/mqtt.sql
2025-06-26 06:05:50 - INFO 23348 [][main] INFO  liquibase.changelog - Reading resource: db/h2/sql/v1.2.0/resource.sql
2025-06-26 06:05:50 - INFO 23348 [][main] INFO  liquibase.changelog - Reading resource: db/h2/sql/v1.2.0/user.sql
2025-06-26 06:05:50 - INFO 23348 [][main] INFO  liquibase.changelog - Reading resource: db/h2/sql/v1.2.0/workflow.sql
2025-06-26 06:05:50 - INFO 23348 [][main] INFO  liquibase.changelog - Reading resource: db/scheduler/h2/sql/v1.2.0/scheduler.sql
2025-06-26 06:05:51 - INFO 23348 [][main] INFO  liquibase.changelog - Reading resource: db/h2/sql/v1.2.1/entity.sql
2025-06-26 06:05:51 - INFO 23348 [][main] INFO  liquibase.changelog - Reading resource: db/h2/sql/v1.3.0/dashboard.sql
2025-06-26 06:05:51 - INFO 23348 [][main] INFO  liquibase.changelog - Reading from PUBLIC.DATABASECHANGELOG
2025-06-26 06:05:52 - INFO 23348 [][main] INFO  liquibase.ui - Database is up to date, no changesets to execute
2025-06-26 06:05:52 - INFO 23348 [][main] INFO  liquibase.changelog - Reading from PUBLIC.DATABASECHANGELOG
2025-06-26 06:05:52 - INFO 23348 [][main] INFO  liquibase.util - UPDATE SUMMARY
2025-06-26 06:05:52 - INFO 23348 [][main] INFO  liquibase.util - Run:                          0
2025-06-26 06:05:52 - INFO 23348 [][main] INFO  liquibase.util - Previously run:              49
2025-06-26 06:05:52 - INFO 23348 [][main] INFO  liquibase.util - Filtered out:                 0
2025-06-26 06:05:52 - INFO 23348 [][main] INFO  liquibase.util - -------------------------------
2025-06-26 06:05:52 - INFO 23348 [][main] INFO  liquibase.util - Total change sets:           49
2025-06-26 06:05:52 - INFO 23348 [][main] INFO  liquibase.util - Update summary generated
2025-06-26 06:05:52 - INFO 23348 [][main] INFO  liquibase.command - Command execution complete
2025-06-26 06:05:53 - INFO 23348 [][main] INFO  o.h.jpa.internal.util.LogHelper - HHH000204: Processing PersistenceUnitInfo [name: default]
2025-06-26 06:05:53 - INFO 23348 [][main] INFO  org.hibernate.Version - HHH000412: Hibernate ORM core version 6.5.3.Final
2025-06-26 06:05:53 - INFO 23348 [][main] INFO  o.h.c.i.RegionFactoryInitiator - HHH000026: Second-level cache disabled
2025-06-26 06:05:55 - INFO 23348 [][main] INFO  o.s.o.j.p.SpringPersistenceUnitInfo - No LoadTimeWeaver setup: ignoring JPA class transformer
2025-06-26 06:06:01 - INFO 23348 [][main] INFO  o.h.e.t.j.p.i.JtaPlatformInitiator - HHH000489: No JTA platform available (set 'hibernate.transaction.jta.platform' to enable JTA platform integration)
2025-06-26 06:06:01 - INFO 23348 [][main] INFO  o.s.o.j.LocalContainerEntityManagerFactoryBean - Initialized JPA EntityManagerFactory for persistence unit 'default'
2025-06-26 06:06:03 - INFO 23348 [][main] INFO  o.s.d.j.r.query.QueryEnhancerFactory - JSqlParser is in classpath; If applicable, JSqlParser will be used
2025-06-26 06:06:03 - INFO 23348 [][main] INFO  o.s.d.j.r.query.QueryEnhancerFactory - Hibernate is in classpath; If applicable, HQL parser will be used.
2025-06-26 06:06:11 - INFO 23348 [][main] INFO  io.moquette.broker.Server - Configuring message interceptors...
2025-06-26 06:06:11 - INFO 23348 [][main] INFO  i.m.interception.BrokerInterceptor - Initializing broker interceptor. InterceptorIds=[DEFAULT_PUBLISH_LISTENER]
2025-06-26 06:06:12 - INFO 23348 [][main] INFO  i.m.interception.BrokerInterceptor - Adding MQTT message interceptor. InterceptorId=DEFAULT_PUBLISH_LISTENER, handledMessageTypes=[class io.moquette.interception.messages.InterceptConnectMessage, class io.moquette.interception.messages.InterceptDisconnectMessage, class io.moquette.interception.messages.InterceptConnectionLostMessage, class io.moquette.interception.messages.InterceptPublishMessage, class io.moquette.interception.messages.InterceptSubscribeMessage, class io.moquette.interception.messages.InterceptUnsubscribeMessage, class io.moquette.interception.messages.InterceptAcknowledgedMessage, class io.moquette.interception.messages.InterceptExceptionMessage]
2025-06-26 06:06:12 - INFO 23348 [][main] INFO  io.moquette.broker.Server - Using default SSL context creator
2025-06-26 06:06:12 - INFO 23348 [][main] INFO  i.m.b.s.CTrieSubscriptionDirectory - Initializing CTrie
2025-06-26 06:06:12 - INFO 23348 [][main] INFO  i.m.b.s.CTrieSubscriptionDirectory - Initializing subscriptions store...
2025-06-26 06:06:12 - INFO 23348 [][main] INFO  io.moquette.broker.NewNettyAcceptor - Netty is using NIO
2025-06-26 06:06:14 - INFO 23348 [][main] INFO  io.moquette.broker.NewNettyAcceptor - Server bound to host=0.0.0.0, port=1883, protocol=TCP MQTT
2025-06-26 06:06:14 - INFO 23348 [][main] INFO  io.moquette.broker.NewNettyAcceptor - Server bound to host=0.0.0.0, port=8083, protocol=Websocket MQTT
2025-06-26 06:06:14 - INFO 23348 [][main] INFO  io.moquette.broker.Server - Moquette integration has been started successfully in 2220 ms
2025-06-26 06:06:15 - INFO 23348 [][main] INFO  c.m.b.scheduler.core.Scheduler - schedule task 'clear-temp-resource' already exists
2025-06-26 06:06:15 - INFO 23348 [][main] INFO  c.m.b.scheduler.core.Scheduler - schedule settings not changed: 'clear-temp-resource'
2025-06-26 06:06:16 - INFO 23348 [][main] INFO  c.m.b.scheduler.core.Scheduler - existing scheduled task found, execution time: 1750888586
2025-06-26 06:06:16 - INFO 23348 [][main] INFO  c.m.b.scheduler.core.Scheduler - callback for schedule task 'clear-temp-resource' was registered
2025-06-26 06:06:18 - INFO 23348 [][main] INFO  o.a.c.m.DefaultConfigurationConfigurer - Adding custom InterceptStrategy with id: ruleEngineContextInterceptor and implementation: com.milesight.beaveriot.rule.observe.RuleEngineContextInterceptor@5d76140f
2025-06-26 06:06:19 - WARN 23348 [][main] WARN  o.s.b.a.o.j.JpaBaseConfiguration$JpaWebConfiguration - spring.jpa.open-in-view is enabled by default. Therefore, database queries may be performed during view rendering. Explicitly configure spring.jpa.open-in-view to disable this warning
2025-06-26 06:06:20 - INFO 23348 [][main] INFO  o.s.s.c.a.a.c.InitializeAuthenticationProviderBeanManagerConfigurer$InitializeAuthenticationProviderManagerConfigurer - Global AuthenticationManager configured with AuthenticationProvider bean with name authenticationProvider
2025-06-26 06:06:20 - WARN 23348 [][main] WARN  o.s.s.c.a.a.c.InitializeUserDetailsBeanManagerConfigurer$InitializeUserDetailsManagerConfigurer - Global AuthenticationManager configured with an AuthenticationProvider bean. UserDetailsService beans will not be used for username/password login. Consider removing the AuthenticationProvider bean. Alternatively, consider using the UserDetailsService in a manually instantiated DaoAuthenticationProvider.
2025-06-26 06:06:23 - INFO 23348 [][main] INFO  o.s.b.a.e.web.EndpointLinksResolver - Exposing 4 endpoints beneath base path '/actuator'
2025-06-26 06:06:30 - INFO 23348 [][Thread-19] INFO  c.m.b.r.c.c.LanguageRouteConfigurer - [Language-Warming] js-language start
2025-06-26 06:06:30 - INFO 23348 [][Thread-20] INFO  c.m.b.r.c.c.LanguageRouteConfigurer - [Language-Warming] python-language start
2025-06-26 06:06:30 - INFO 23348 [][main] INFO  io.undertow - starting server: Undertow - 2.3.17.Final
2025-06-26 06:06:30 - INFO 23348 [][main] INFO  org.xnio - XNIO version 3.8.16.Final
2025-06-26 06:06:30 - INFO 23348 [][main] INFO  org.xnio.nio - XNIO NIO Implementation Version 3.8.16.Final
2025-06-26 06:06:30 - INFO 23348 [][main] INFO  org.jboss.threads - JBoss Threads version 3.5.0.Final
2025-06-26 06:06:31 - INFO 23348 [][main] INFO  o.s.b.w.e.undertow.UndertowWebServer - Undertow started on port 9200 (http) with context path '/'
2025-06-26 06:06:31 - INFO 23348 [][main] INFO  o.a.c.i.engine.AbstractCamelContext - Apache Camel 4.4.3 (camel-1) is starting
2025-06-26 06:06:31 - INFO 23348 [][main] INFO  o.a.c.i.engine.AbstractCamelContext - Tracing is enabled on CamelContext: camel-1
2025-06-26 06:06:32 - INFO 23348 [][main] INFO  o.a.c.i.engine.AbstractCamelContext - Routes startup (started:1)
2025-06-26 06:06:32 - INFO 23348 [][main] INFO  o.a.c.i.engine.AbstractCamelContext -     Started innerExchangeRoute (direct://innerExchangeFlow)
2025-06-26 06:06:32 - INFO 23348 [][main] INFO  o.a.c.i.engine.AbstractCamelContext - Apache Camel 4.4.3 (camel-1) started in 110ms (build:0ms init:0ms start:110ms)
2025-06-26 06:06:32 - INFO 23348 [][main] INFO  c.m.beaveriot.StandardApplication - Started StandardApplication in 87.323 seconds (process running for 89.305)
2025-06-26 06:06:32 -ERROR 23348 [][main] ERROR c.m.b.c.i.b.IntegrationBootstrapManager - Failed to load integration yaml
java.util.NoSuchElementException: No value bound
	at org.springframework.boot.context.properties.bind.BindResult.get(BindResult.java:55)
	at com.milesight.beaveriot.context.integration.bootstrap.IntegrationBootstrapManager.buildIntegrationConfig(IntegrationBootstrapManager.java:157)
	at com.milesight.beaveriot.context.integration.bootstrap.IntegrationBootstrapManager.lambda$onStarted$1(IntegrationBootstrapManager.java:64)
	at java.base/java.util.stream.ForEachOps$ForEachOp$OfRef.accept(ForEachOps.java:183)
	at java.base/java.util.ArrayList.forEach(ArrayList.java:1511)
	at java.base/java.util.stream.SortedOps$RefSortingSink.end(SortedOps.java:395)
	at java.base/java.util.stream.Sink$ChainedReference.end(Sink.java:258)
	at java.base/java.util.stream.Sink$ChainedReference.end(Sink.java:258)
	at java.base/java.util.stream.AbstractPipeline.copyInto(AbstractPipeline.java:510)
	at java.base/java.util.stream.AbstractPipeline.wrapAndCopyInto(AbstractPipeline.java:499)
	at java.base/java.util.stream.ForEachOps$ForEachOp.evaluateSequential(ForEachOps.java:150)
	at java.base/java.util.stream.ForEachOps$ForEachOp$OfRef.evaluateSequential(ForEachOps.java:173)
	at java.base/java.util.stream.AbstractPipeline.evaluate(AbstractPipeline.java:234)
	at java.base/java.util.stream.ReferencePipeline.forEach(ReferencePipeline.java:596)
	at com.milesight.beaveriot.context.integration.bootstrap.IntegrationBootstrapManager.onStarted(IntegrationBootstrapManager.java:56)
	at com.milesight.beaveriot.context.integration.bootstrap.IntegrationBootstrapManager.run(IntegrationBootstrapManager.java:176)
	at org.springframework.boot.SpringApplication.lambda$callRunner$5(SpringApplication.java:790)
	at org.springframework.util.function.ThrowingConsumer$1.acceptWithException(ThrowingConsumer.java:83)
	at org.springframework.util.function.ThrowingConsumer.accept(ThrowingConsumer.java:60)
	at org.springframework.util.function.ThrowingConsumer$1.accept(ThrowingConsumer.java:88)
	at org.springframework.boot.SpringApplication.callRunner(SpringApplication.java:798)
	at org.springframework.boot.SpringApplication.callRunner(SpringApplication.java:789)
	at org.springframework.boot.SpringApplication.lambda$callRunners$3(SpringApplication.java:774)
	at java.base/java.util.stream.ForEachOps$ForEachOp$OfRef.accept(ForEachOps.java:183)
	at java.base/java.util.stream.SortedOps$SizedRefSortingSink.end(SortedOps.java:357)
	at java.base/java.util.stream.AbstractPipeline.copyInto(AbstractPipeline.java:510)
	at java.base/java.util.stream.AbstractPipeline.wrapAndCopyInto(AbstractPipeline.java:499)
	at java.base/java.util.stream.ForEachOps$ForEachOp.evaluateSequential(ForEachOps.java:150)
	at java.base/java.util.stream.ForEachOps$ForEachOp$OfRef.evaluateSequential(ForEachOps.java:173)
	at java.base/java.util.stream.AbstractPipeline.evaluate(AbstractPipeline.java:234)
	at java.base/java.util.stream.ReferencePipeline.forEach(ReferencePipeline.java:596)
	at org.springframework.boot.SpringApplication.callRunners(SpringApplication.java:774)
	at org.springframework.boot.SpringApplication.run(SpringApplication.java:342)
	at org.springframework.boot.SpringApplication.run(SpringApplication.java:1363)
	at org.springframework.boot.SpringApplication.run(SpringApplication.java:1352)
	at com.milesight.beaveriot.StandardApplication.main(StandardApplication.java:30)
2025-06-26 06:06:32 - INFO 23348 [][main] INFO  c.m.b.mqtt.service.MqttPubSubService - subscribe topic: 'beaver-iot/+/milesight-gateway/+/uplink'
2025-06-26 06:06:32 - INFO 23348 [][main] INFO  c.m.b.mqtt.service.MqttPubSubService - subscribe topic: 'beaver-iot/+/milesight-gateway/+/response'
2025-06-26 06:06:32 - INFO 23348 [][main] INFO  c.m.b.c.i.b.IntegrationBootstrapManager - IntegrationBootstrapManager started, contains integrations : [system, milesight-gateway]
2025-06-26 06:06:33 - INFO 23348 [][main] INFO  c.m.b.mqtt.service.MqttPubSubService - Ready to dispatch MQTT messages.
2025-06-26 06:06:40 - INFO 23348 [][Thread-19] INFO  c.m.b.r.c.c.LanguageRouteConfigurer - [Language-Warming] js-language done
2025-06-26 06:07:00 - INFO 23348 [][scheduling-1] INFO  c.m.b.s.core.ScheduledTaskExecutor - run scheduled tasks: 1750889220
2025-06-26 06:07:00 - INFO 23348 [][scheduling-1] INFO  c.m.b.s.core.ScheduledTaskExecutor - 1 available tasks found
2025-06-26 06:07:19 - INFO 23348 [][Thread-20] INFO  c.m.b.r.c.c.LanguageRouteConfigurer - [Language-Warming] python-language done
2025-06-26 06:08:00 - INFO 23348 [][scheduling-1] INFO  c.m.b.s.core.ScheduledTaskExecutor - run scheduled tasks: 1750889280
2025-06-26 06:08:00 - INFO 23348 [][scheduling-1] INFO  c.m.b.s.core.ScheduledTaskExecutor - 0 available tasks found
2025-06-26 06:09:00 - INFO 23348 [][scheduling-1] INFO  c.m.b.s.core.ScheduledTaskExecutor - run scheduled tasks: 1750889340
2025-06-26 06:09:00 - INFO 23348 [][scheduling-1] INFO  c.m.b.s.core.ScheduledTaskExecutor - 0 available tasks found
2025-06-26 06:10:00 - INFO 23348 [][scheduling-1] INFO  c.m.b.s.core.ScheduledTaskExecutor - run scheduled tasks: 1750889400
2025-06-26 06:10:00 - INFO 23348 [][scheduling-1] INFO  c.m.b.s.core.ScheduledTaskExecutor - 0 available tasks found
2025-06-26 06:11:00 - INFO 23348 [][scheduling-1] INFO  c.m.b.s.core.ScheduledTaskExecutor - run scheduled tasks: 1750889460
2025-06-26 06:11:00 - INFO 23348 [][scheduling-1] INFO  c.m.b.s.core.ScheduledTaskExecutor - 0 available tasks found
2025-06-26 06:12:00 - INFO 23348 [][scheduling-1] INFO  c.m.b.s.core.ScheduledTaskExecutor - run scheduled tasks: 1750889520
2025-06-26 06:12:00 - INFO 23348 [][scheduling-1] INFO  c.m.b.s.core.ScheduledTaskExecutor - 0 available tasks found
2025-06-26 06:13:00 - INFO 23348 [][scheduling-1] INFO  c.m.b.s.core.ScheduledTaskExecutor - run scheduled tasks: 1750889580
2025-06-26 06:13:00 - INFO 23348 [][scheduling-1] INFO  c.m.b.s.core.ScheduledTaskExecutor - 0 available tasks found
2025-06-26 06:14:00 - INFO 23348 [][scheduling-1] INFO  c.m.b.s.core.ScheduledTaskExecutor - run scheduled tasks: 1750889640
2025-06-26 06:14:00 - INFO 23348 [][scheduling-1] INFO  c.m.b.s.core.ScheduledTaskExecutor - 0 available tasks found
2025-06-26 06:14:47 - INFO 23348 [][nioEventLoopGroup-3-1] INFO  i.m.broker.metrics.MQTTMessageLogger - C->B CONNECT <null>
2025-06-26 06:14:47 - INFO 23348 [][nioEventLoopGroup-3-1] INFO  io.moquette.broker.MQTTConnection - Authenticator has rejected the MQTT credentials CId=sh2, username=test
2025-06-26 06:14:47 - INFO 23348 [][nioEventLoopGroup-3-1] INFO  i.m.broker.metrics.MQTTMessageLogger - Channel Inactive
2025-06-26 06:15:00 - INFO 23348 [][scheduling-1] INFO  c.m.b.s.core.ScheduledTaskExecutor - run scheduled tasks: 1750889700
2025-06-26 06:15:00 - INFO 23348 [][scheduling-1] INFO  c.m.b.s.core.ScheduledTaskExecutor - 0 available tasks found
2025-06-26 06:16:00 - INFO 23348 [][scheduling-1] INFO  c.m.b.s.core.ScheduledTaskExecutor - run scheduled tasks: 1750889760
2025-06-26 06:16:00 - INFO 23348 [][scheduling-1] INFO  c.m.b.s.core.ScheduledTaskExecutor - 0 available tasks found
2025-06-26 06:17:00 - INFO 23348 [][scheduling-1] INFO  c.m.b.s.core.ScheduledTaskExecutor - run scheduled tasks: 1750889820
2025-06-26 06:17:00 - INFO 23348 [][scheduling-1] INFO  c.m.b.s.core.ScheduledTaskExecutor - 0 available tasks found
2025-06-26 06:18:00 - INFO 23348 [][scheduling-1] INFO  c.m.b.s.core.ScheduledTaskExecutor - run scheduled tasks: 1750889880
2025-06-26 06:18:00 - INFO 23348 [][scheduling-1] INFO  c.m.b.s.core.ScheduledTaskExecutor - 0 available tasks found
2025-06-26 06:19:00 - INFO 23348 [][scheduling-1] INFO  c.m.b.s.core.ScheduledTaskExecutor - run scheduled tasks: 1750889940
2025-06-26 06:19:00 - INFO 23348 [][scheduling-1] INFO  c.m.b.s.core.ScheduledTaskExecutor - 0 available tasks found
2025-06-26 07:20:29 - INFO 23348 [][pool-11-thread-1] INFO  c.m.b.s.core.ScheduledTaskExecutor - scheduled task 'clear-temp-resource'(1938014465799872513) was expired
2025-06-26 07:20:36 - INFO 23348 [][scheduling-1] INFO  c.m.b.s.core.ScheduledTaskExecutor - run scheduled tasks: 1750893600
2025-06-26 07:20:36 - INFO 23348 [][scheduling-1] INFO  c.m.b.s.core.ScheduledTaskExecutor - 0 available tasks found
2025-06-26 07:20:46 - WARN 23348 [][HikariPool-1 housekeeper] WARN  com.zaxxer.hikari.pool.HikariPool - HikariPool-1 - Thread starvation or clock leap detected (housekeeper delta=1h1m6s206ms3µs700ns).
2025-06-26 07:22:01 - INFO 23348 [][scheduling-1] INFO  c.m.b.s.core.ScheduledTaskExecutor - run scheduled tasks: 1750893720
2025-06-26 07:22:01 - INFO 23348 [][scheduling-1] INFO  c.m.b.s.core.ScheduledTaskExecutor - 0 available tasks found
2025-06-26 07:23:01 - INFO 23348 [][scheduling-1] INFO  c.m.b.s.core.ScheduledTaskExecutor - run scheduled tasks: 1750893780
2025-06-26 07:23:01 - INFO 23348 [][scheduling-1] INFO  c.m.b.s.core.ScheduledTaskExecutor - 0 available tasks found
2025-06-26 10:39:15 - INFO 23348 [][pool-11-thread-1] INFO  c.m.b.s.core.ScheduledTaskExecutor - scheduled task 'clear-temp-resource'(1938064486696083458) was expired
2025-06-26 22:06:55 - INFO 23348 [][pool-11-thread-1] INFO  c.m.b.s.core.ScheduledTaskExecutor - scheduled task 'clear-temp-resource'(1938237543368744962) was expired
2025-06-26 22:07:09 - WARN 23348 [][HikariPool-1 housekeeper] WARN  com.zaxxer.hikari.pool.HikariPool - HikariPool-1 - Thread starvation or clock leap detected (housekeeper delta=14h43m51s140ms147µs200ns).
2025-06-26 22:07:21 - INFO 23348 [][scheduling-1] INFO  c.m.b.s.core.ScheduledTaskExecutor - run scheduled tasks: 1750946820
2025-06-26 22:07:21 - INFO 23348 [][scheduling-1] INFO  c.m.b.s.core.ScheduledTaskExecutor - 0 available tasks found
2025-06-26 23:09:01 - INFO 23348 [][pool-11-thread-1] INFO  c.m.b.s.core.ScheduledTaskExecutor - scheduled task 'clear-temp-resource'(1938253169235714050) was expired
